<?xml version="1.0" encoding="UTF-8"?>
<testng-results ignored="0" total="1" passed="1" failed="0" skipped="0">
  <reporter-output>
  </reporter-output>
  <suite started-at="2024-03-13T21:25:09 IST" name="Suite" finished-at="2024-03-13T21:26:03 IST" duration-ms="54004">
    <groups>
    </groups>
    <test started-at="2024-03-13T21:25:09 IST" name="Test" finished-at="2024-03-13T21:26:03 IST" duration-ms="54004">
      <class name="com.openmrs.execution.registration">
        <test-method is-config="true" signature="initialize_driver()[pri:0, instance:com.openmrs.execution.registration@44841b43]" started-at="2024-03-13T21:25:09 IST" name="initialize_driver" finished-at="2024-03-13T21:25:22 IST" duration-ms="13214" status="PASS">
          <reporter-output>
          </reporter-output>
        </test-method> <!-- initialize_driver -->
        <test-method signature="register()[pri:1, instance:com.openmrs.execution.registration@44841b43]" started-at="2024-03-13T21:25:23 IST" name="register" description="Register a patient on OPENMRS Portal" finished-at="2024-03-13T21:26:03 IST" duration-ms="39962" status="PASS">
          <reporter-output>
          </reporter-output>
        </test-method> <!-- register -->
        <test-method is-config="true" signature="teardown()[pri:0, instance:com.openmrs.execution.registration@44841b43]" started-at="2024-03-13T21:26:03 IST" name="teardown" finished-at="2024-03-13T21:26:03 IST" duration-ms="498" status="PASS">
          <reporter-output>
          </reporter-output>
        </test-method> <!-- teardown -->
      </class> <!-- com.openmrs.execution.registration -->
    </test> <!-- Test -->
  </suite> <!-- Suite -->
</testng-results>
