<?xml version="1.0" encoding="UTF-8"?>
<!-- Generated by org.testng.reporters.JUnitXMLReporter -->
<testsuite ignored="0" hostname="HYDL-001375A" failures="1" tests="3" name="OrangeHRM" time="17.339" errors="0" timestamp="2024-03-14T10:05:15 IST">
  <testcase classname="com.orangehrm.execution.execution" name="ValidLogin" time="4.901"/>
  <testcase classname="com.orangehrm.execution.execution" name="InvalidLogin" time="1.578">
    <failure type="java.lang.AssertionError" message="expected [OrangeHRM1] but found [OrangeHRM]">
      <![CDATA[java.lang.AssertionError: expected [OrangeHRM1] but found [OrangeHRM]
at com.orangehrm.execution.execution.InvalidLogin(execution.java:65)
at java.base/java.util.ArrayList.forEach(ArrayList.java:1511)
... Removed 33 stack frames]]>
    </failure>
  </testcase> <!-- InvalidLogin -->
  <testcase classname="com.orangehrm.execution.execution" name="loginTest" time="0.545">
    <skipped/>
  </testcase> <!-- loginTest -->
</testsuite> <!-- OrangeHRM -->
